
      {
        "time":"2025-10-30T12:55:02+00:00",
        "remote_addr":"172.18.0.1",
        "method":"GET",
        "uri":"/version",
        "status":200,
        "pool":"",
        "release":"",
        "upstream_status":"200",
        "upstream_addr":"172.18.0.3:3000",
        "request_time":"0.010",
        "upstream_response_time":"0.010",
        "upstream_time":"0.010"
      }

      {
        "time":"2025-10-30T12:55:02+00:00",
        "remote_addr":"172.18.0.1",
        "method":"GET",
        "uri":"/version",
        "status":200,
        "pool":"",
        "release":"",
        "upstream_status":"200",
        "upstream_addr":"172.18.0.3:3000",
        "request_time":"0.001",
        "upstream_response_time":"0.001",
        "upstream_time":"0.001"
      }

      {
        "time":"2025-10-30T12:55:02+00:00",
        "remote_addr":"172.18.0.1",
        "method":"GET",
        "uri":"/version",
        "status":200,
        "pool":"",
        "release":"",
        "upstream_status":"200",
        "upstream_addr":"172.18.0.3:3000",
        "request_time":"0.001",
        "upstream_response_time":"0.001",
        "upstream_time":"0.001"
      }

      {
        "time":"2025-10-30T12:55:02+00:00",
        "remote_addr":"172.18.0.1",
        "method":"GET",
        "uri":"/version",
        "status":200,
        "pool":"",
        "release":"",
        "upstream_status":"200",
        "upstream_addr":"172.18.0.3:3000",
        "request_time":"0.001",
        "upstream_response_time":"0.001",
        "upstream_time":"0.001"
      }

      {
        "time":"2025-10-30T12:55:02+00:00",
        "remote_addr":"172.18.0.1",
        "method":"GET",
        "uri":"/version",
        "status":200,
        "pool":"",
        "release":"",
        "upstream_status":"200",
        "upstream_addr":"172.18.0.3:3000",
        "request_time":"0.001",
        "upstream_response_time":"0.001",
        "upstream_time":"0.001"
      }

      {
        "time":"2025-10-30T13:13:38+00:00",
        "remote_addr":"172.18.0.1",
        "method":"GET",
        "uri":"/version",
        "status":200,
        "pool":"",
        "release":"",
        "upstream_status":"200",
        "upstream_addr":"172.18.0.3:3000",
        "request_time":"0.002",
        "upstream_response_time":"0.002",
        "upstream_time":"0.002"
      }

      {
        "time":"2025-10-30T13:13:38+00:00",
        "remote_addr":"172.18.0.1",
        "method":"GET",
        "uri":"/version",
        "status":200,
        "pool":"",
        "release":"",
        "upstream_status":"200",
        "upstream_addr":"172.18.0.3:3000",
        "request_time":"0.001",
        "upstream_response_time":"0.001",
        "upstream_time":"0.001"
      }

      {
        "time":"2025-10-30T13:13:38+00:00",
        "remote_addr":"172.18.0.1",
        "method":"GET",
        "uri":"/version",
        "status":200,
        "pool":"",
        "release":"",
        "upstream_status":"200",
        "upstream_addr":"172.18.0.3:3000",
        "request_time":"0.001",
        "upstream_response_time":"0.001",
        "upstream_time":"0.001"
      }

      {
        "time":"2025-10-30T13:13:38+00:00",
        "remote_addr":"172.18.0.1",
        "method":"GET",
        "uri":"/version",
        "status":200,
        "pool":"",
        "release":"",
        "upstream_status":"200",
        "upstream_addr":"172.18.0.3:3000",
        "request_time":"0.001",
        "upstream_response_time":"0.001",
        "upstream_time":"0.001"
      }

      {
        "time":"2025-10-30T13:13:38+00:00",
        "remote_addr":"172.18.0.1",
        "method":"GET",
        "uri":"/version",
        "status":200,
        "pool":"",
        "release":"",
        "upstream_status":"200",
        "upstream_addr":"172.18.0.3:3000",
        "request_time":"0.001",
        "upstream_response_time":"0.001",
        "upstream_time":"0.001"
      }

      {
        "time":"2025-10-30T13:30:02+00:00",
        "remote_addr":"172.18.0.1",
        "method":"GET",
        "uri":"/version",
        "status":200,
        "pool":"",
        "release":"",
        "upstream_status":"200",
        "upstream_addr":"172.18.0.3:3000",
        "request_time":"0.001",
        "upstream_response_time":"0.001",
        "upstream_time":"0.001"
      }

      {
        "time":"2025-10-30T13:30:02+00:00",
        "remote_addr":"172.18.0.1",
        "method":"GET",
        "uri":"/version",
        "status":200,
        "pool":"",
        "release":"",
        "upstream_status":"200",
        "upstream_addr":"172.18.0.3:3000",
        "request_time":"0.001",
        "upstream_response_time":"0.001",
        "upstream_time":"0.001"
      }

      {
        "time":"2025-10-30T13:30:02+00:00",
        "remote_addr":"172.18.0.1",
        "method":"GET",
        "uri":"/version",
        "status":200,
        "pool":"",
        "release":"",
        "upstream_status":"200",
        "upstream_addr":"172.18.0.3:3000",
        "request_time":"0.001",
        "upstream_response_time":"0.001",
        "upstream_time":"0.001"
      }

      {
        "time":"2025-10-30T13:30:02+00:00",
        "remote_addr":"172.18.0.1",
        "method":"GET",
        "uri":"/version",
        "status":200,
        "pool":"",
        "release":"",
        "upstream_status":"200",
        "upstream_addr":"172.18.0.3:3000",
        "request_time":"0.001",
        "upstream_response_time":"0.001",
        "upstream_time":"0.001"
      }

      {
        "time":"2025-10-30T13:30:02+00:00",
        "remote_addr":"172.18.0.1",
        "method":"GET",
        "uri":"/version",
        "status":200,
        "pool":"",
        "release":"",
        "upstream_status":"200",
        "upstream_addr":"172.18.0.3:3000",
        "request_time":"0.001",
        "upstream_response_time":"0.001",
        "upstream_time":"0.001"
      }

      {
        "time":"2025-10-30T13:32:20+00:00",
        "remote_addr":"172.18.0.1",
        "method":"GET",
        "uri":"/version",
        "status":200,
        "pool":"blue",
        "release":"v1-blue",
        "upstream_status":"200",
        "upstream_addr":"172.18.0.3:3000",
        "request_time":"0.007",
        "upstream_response_time":"0.007"
      }

      {
        "time":"2025-10-30T13:32:20+00:00",
        "remote_addr":"172.18.0.1",
        "method":"GET",
        "uri":"/version",
        "status":200,
        "pool":"blue",
        "release":"v1-blue",
        "upstream_status":"200",
        "upstream_addr":"172.18.0.3:3000",
        "request_time":"0.002",
        "upstream_response_time":"0.002"
      }

      {
        "time":"2025-10-30T13:32:20+00:00",
        "remote_addr":"172.18.0.1",
        "method":"GET",
        "uri":"/version",
        "status":200,
        "pool":"blue",
        "release":"v1-blue",
        "upstream_status":"200",
        "upstream_addr":"172.18.0.3:3000",
        "request_time":"0.001",
        "upstream_response_time":"0.001"
      }

      {
        "time":"2025-10-30T13:32:20+00:00",
        "remote_addr":"172.18.0.1",
        "method":"GET",
        "uri":"/version",
        "status":200,
        "pool":"blue",
        "release":"v1-blue",
        "upstream_status":"200",
        "upstream_addr":"172.18.0.3:3000",
        "request_time":"0.001",
        "upstream_response_time":"0.001"
      }

      {
        "time":"2025-10-30T13:32:20+00:00",
        "remote_addr":"172.18.0.1",
        "method":"GET",
        "uri":"/version",
        "status":200,
        "pool":"blue",
        "release":"v1-blue",
        "upstream_status":"200",
        "upstream_addr":"172.18.0.3:3000",
        "request_time":"0.002",
        "upstream_response_time":"0.002"
      }

      {
        "time":"2025-10-30T14:13:43+00:00",
        "remote_addr":"172.18.0.1",
        "method":"GET",
        "uri":"/version",
        "status":200,
        "pool":"blue",
        "release":"v1-blue",
        "upstream_status":"200",
        "upstream_addr":"172.18.0.2:3000",
        "request_time":"0.011",
        "upstream_response_time":"0.011"
      }

      {
        "time":"2025-10-30T14:13:43+00:00",
        "remote_addr":"172.18.0.1",
        "method":"GET",
        "uri":"/version",
        "status":200,
        "pool":"blue",
        "release":"v1-blue",
        "upstream_status":"200",
        "upstream_addr":"172.18.0.2:3000",
        "request_time":"0.002",
        "upstream_response_time":"0.002"
      }

      {
        "time":"2025-10-30T14:13:43+00:00",
        "remote_addr":"172.18.0.1",
        "method":"GET",
        "uri":"/version",
        "status":200,
        "pool":"blue",
        "release":"v1-blue",
        "upstream_status":"200",
        "upstream_addr":"172.18.0.2:3000",
        "request_time":"0.003",
        "upstream_response_time":"0.003"
      }

      {
        "time":"2025-10-30T14:13:44+00:00",
        "remote_addr":"172.18.0.1",
        "method":"GET",
        "uri":"/version",
        "status":200,
        "pool":"blue",
        "release":"v1-blue",
        "upstream_status":"200",
        "upstream_addr":"172.18.0.2:3000",
        "request_time":"0.001",
        "upstream_response_time":"0.001"
      }

      {
        "time":"2025-10-30T14:13:44+00:00",
        "remote_addr":"172.18.0.1",
        "method":"GET",
        "uri":"/version",
        "status":200,
        "pool":"blue",
        "release":"v1-blue",
        "upstream_status":"200",
        "upstream_addr":"172.18.0.2:3000",
        "request_time":"0.002",
        "upstream_response_time":"0.002"
      }

      {
        "time":"2025-10-30T14:13:44+00:00",
        "remote_addr":"172.18.0.1",
        "method":"GET",
        "uri":"/version",
        "status":200,
        "pool":"blue",
        "release":"v1-blue",
        "upstream_status":"200",
        "upstream_addr":"172.18.0.2:3000",
        "request_time":"0.001",
        "upstream_response_time":"0.001"
      }

      {
        "time":"2025-10-30T14:13:44+00:00",
        "remote_addr":"172.18.0.1",
        "method":"GET",
        "uri":"/version",
        "status":200,
        "pool":"blue",
        "release":"v1-blue",
        "upstream_status":"200",
        "upstream_addr":"172.18.0.2:3000",
        "request_time":"0.001",
        "upstream_response_time":"0.001"
      }

      {
        "time":"2025-10-30T14:13:44+00:00",
        "remote_addr":"172.18.0.1",
        "method":"GET",
        "uri":"/version",
        "status":200,
        "pool":"blue",
        "release":"v1-blue",
        "upstream_status":"200",
        "upstream_addr":"172.18.0.2:3000",
        "request_time":"0.001",
        "upstream_response_time":"0.001"
      }

      {
        "time":"2025-10-30T14:13:44+00:00",
        "remote_addr":"172.18.0.1",
        "method":"GET",
        "uri":"/version",
        "status":200,
        "pool":"blue",
        "release":"v1-blue",
        "upstream_status":"200",
        "upstream_addr":"172.18.0.2:3000",
        "request_time":"0.001",
        "upstream_response_time":"0.001"
      }

      {
        "time":"2025-10-30T14:13:44+00:00",
        "remote_addr":"172.18.0.1",
        "method":"GET",
        "uri":"/version",
        "status":200,
        "pool":"blue",
        "release":"v1-blue",
        "upstream_status":"200",
        "upstream_addr":"172.18.0.2:3000",
        "request_time":"0.001",
        "upstream_response_time":"0.001"
      }

      {
        "time":"2025-10-30T14:15:58+00:00",
        "remote_addr":"172.18.0.1",
        "method":"GET",
        "uri":"/version",
        "status":200,
        "pool":"blue",
        "release":"v1-blue",
        "upstream_status":"200",
        "upstream_addr":"172.18.0.2:3000",
        "request_time":"0.002",
        "upstream_response_time":"0.002"
      }

      {
        "time":"2025-10-30T14:15:58+00:00",
        "remote_addr":"172.18.0.1",
        "method":"GET",
        "uri":"/version",
        "status":200,
        "pool":"blue",
        "release":"v1-blue",
        "upstream_status":"200",
        "upstream_addr":"172.18.0.2:3000",
        "request_time":"0.001",
        "upstream_response_time":"0.001"
      }

      {
        "time":"2025-10-30T14:15:58+00:00",
        "remote_addr":"172.18.0.1",
        "method":"GET",
        "uri":"/version",
        "status":200,
        "pool":"blue",
        "release":"v1-blue",
        "upstream_status":"200",
        "upstream_addr":"172.18.0.2:3000",
        "request_time":"0.001",
        "upstream_response_time":"0.001"
      }

      {
        "time":"2025-10-30T14:15:58+00:00",
        "remote_addr":"172.18.0.1",
        "method":"GET",
        "uri":"/version",
        "status":200,
        "pool":"blue",
        "release":"v1-blue",
        "upstream_status":"200",
        "upstream_addr":"172.18.0.2:3000",
        "request_time":"0.001",
        "upstream_response_time":"0.001"
      }

      {
        "time":"2025-10-30T14:15:58+00:00",
        "remote_addr":"172.18.0.1",
        "method":"GET",
        "uri":"/version",
        "status":200,
        "pool":"blue",
        "release":"v1-blue",
        "upstream_status":"200",
        "upstream_addr":"172.18.0.2:3000",
        "request_time":"0.001",
        "upstream_response_time":"0.001"
      }

      {
        "time":"2025-10-30T14:15:58+00:00",
        "remote_addr":"172.18.0.1",
        "method":"GET",
        "uri":"/version",
        "status":200,
        "pool":"blue",
        "release":"v1-blue",
        "upstream_status":"200",
        "upstream_addr":"172.18.0.2:3000",
        "request_time":"0.001",
        "upstream_response_time":"0.001"
      }

      {
        "time":"2025-10-30T14:15:58+00:00",
        "remote_addr":"172.18.0.1",
        "method":"GET",
        "uri":"/version",
        "status":200,
        "pool":"blue",
        "release":"v1-blue",
        "upstream_status":"200",
        "upstream_addr":"172.18.0.2:3000",
        "request_time":"0.002",
        "upstream_response_time":"0.002"
      }

      {
        "time":"2025-10-30T14:15:58+00:00",
        "remote_addr":"172.18.0.1",
        "method":"GET",
        "uri":"/version",
        "status":200,
        "pool":"blue",
        "release":"v1-blue",
        "upstream_status":"200",
        "upstream_addr":"172.18.0.2:3000",
        "request_time":"0.001",
        "upstream_response_time":"0.001"
      }

      {
        "time":"2025-10-30T14:15:58+00:00",
        "remote_addr":"172.18.0.1",
        "method":"GET",
        "uri":"/version",
        "status":200,
        "pool":"blue",
        "release":"v1-blue",
        "upstream_status":"200",
        "upstream_addr":"172.18.0.2:3000",
        "request_time":"0.001",
        "upstream_response_time":"0.001"
      }

      {
        "time":"2025-10-30T14:15:58+00:00",
        "remote_addr":"172.18.0.1",
        "method":"GET",
        "uri":"/version",
        "status":200,
        "pool":"blue",
        "release":"v1-blue",
        "upstream_status":"200",
        "upstream_addr":"172.18.0.2:3000",
        "request_time":"0.001",
        "upstream_response_time":"0.001"
      }

      {
        "time":"2025-10-30T14:27:05+00:00",
        "remote_addr":"172.18.0.1",
        "method":"GET",
        "uri":"/version",
        "status":200,
        "pool":"blue",
        "release":"v1-blue",
        "upstream_status":"200",
        "upstream_addr":"172.18.0.2:3000",
        "request_time":"0.002",
        "upstream_response_time":"0.002"
      }

      {
        "time":"2025-10-30T14:27:05+00:00",
        "remote_addr":"172.18.0.1",
        "method":"GET",
        "uri":"/version",
        "status":200,
        "pool":"blue",
        "release":"v1-blue",
        "upstream_status":"200",
        "upstream_addr":"172.18.0.2:3000",
        "request_time":"0.001",
        "upstream_response_time":"0.001"
      }

      {
        "time":"2025-10-30T14:27:05+00:00",
        "remote_addr":"172.18.0.1",
        "method":"GET",
        "uri":"/version",
        "status":200,
        "pool":"blue",
        "release":"v1-blue",
        "upstream_status":"200",
        "upstream_addr":"172.18.0.2:3000",
        "request_time":"0.001",
        "upstream_response_time":"0.001"
      }

      {
        "time":"2025-10-30T14:27:05+00:00",
        "remote_addr":"172.18.0.1",
        "method":"GET",
        "uri":"/version",
        "status":200,
        "pool":"blue",
        "release":"v1-blue",
        "upstream_status":"200",
        "upstream_addr":"172.18.0.2:3000",
        "request_time":"0.001",
        "upstream_response_time":"0.001"
      }

      {
        "time":"2025-10-30T14:27:05+00:00",
        "remote_addr":"172.18.0.1",
        "method":"GET",
        "uri":"/version",
        "status":200,
        "pool":"blue",
        "release":"v1-blue",
        "upstream_status":"200",
        "upstream_addr":"172.18.0.2:3000",
        "request_time":"0.001",
        "upstream_response_time":"0.001"
      }

      {
        "time":"2025-10-30T14:27:05+00:00",
        "remote_addr":"172.18.0.1",
        "method":"GET",
        "uri":"/version",
        "status":200,
        "pool":"blue",
        "release":"v1-blue",
        "upstream_status":"200",
        "upstream_addr":"172.18.0.2:3000",
        "request_time":"0.001",
        "upstream_response_time":"0.001"
      }

      {
        "time":"2025-10-30T14:27:05+00:00",
        "remote_addr":"172.18.0.1",
        "method":"GET",
        "uri":"/version",
        "status":200,
        "pool":"blue",
        "release":"v1-blue",
        "upstream_status":"200",
        "upstream_addr":"172.18.0.2:3000",
        "request_time":"0.001",
        "upstream_response_time":"0.001"
      }

      {
        "time":"2025-10-30T14:27:05+00:00",
        "remote_addr":"172.18.0.1",
        "method":"GET",
        "uri":"/version",
        "status":200,
        "pool":"blue",
        "release":"v1-blue",
        "upstream_status":"200",
        "upstream_addr":"172.18.0.2:3000",
        "request_time":"0.001",
        "upstream_response_time":"0.001"
      }

      {
        "time":"2025-10-30T14:27:05+00:00",
        "remote_addr":"172.18.0.1",
        "method":"GET",
        "uri":"/version",
        "status":200,
        "pool":"blue",
        "release":"v1-blue",
        "upstream_status":"200",
        "upstream_addr":"172.18.0.2:3000",
        "request_time":"0.001",
        "upstream_response_time":"0.001"
      }

      {
        "time":"2025-10-30T14:27:05+00:00",
        "remote_addr":"172.18.0.1",
        "method":"GET",
        "uri":"/version",
        "status":200,
        "pool":"blue",
        "release":"v1-blue",
        "upstream_status":"200",
        "upstream_addr":"172.18.0.2:3000",
        "request_time":"0.001",
        "upstream_response_time":"0.001"
      }

      {
        "time":"2025-10-30T14:43:55+00:00",
        "remote_addr":"172.18.0.1",
        "method":"GET",
        "uri":"/version",
        "status":200,
        "pool":"blue",
        "release":"v1-blue",
        "upstream_status":"200",
        "upstream_addr":"172.18.0.2:3000",
        "request_time":"0.001",
        "upstream_response_time":"0.001"
      }

      {
        "time":"2025-10-30T14:43:55+00:00",
        "remote_addr":"172.18.0.1",
        "method":"GET",
        "uri":"/version",
        "status":200,
        "pool":"blue",
        "release":"v1-blue",
        "upstream_status":"200",
        "upstream_addr":"172.18.0.2:3000",
        "request_time":"0.001",
        "upstream_response_time":"0.001"
      }

      {
        "time":"2025-10-30T14:43:55+00:00",
        "remote_addr":"172.18.0.1",
        "method":"GET",
        "uri":"/version",
        "status":200,
        "pool":"blue",
        "release":"v1-blue",
        "upstream_status":"200",
        "upstream_addr":"172.18.0.2:3000",
        "request_time":"0.001",
        "upstream_response_time":"0.001"
      }

      {
        "time":"2025-10-30T14:43:55+00:00",
        "remote_addr":"172.18.0.1",
        "method":"GET",
        "uri":"/version",
        "status":200,
        "pool":"blue",
        "release":"v1-blue",
        "upstream_status":"200",
        "upstream_addr":"172.18.0.2:3000",
        "request_time":"0.001",
        "upstream_response_time":"0.001"
      }

      {
        "time":"2025-10-30T14:43:55+00:00",
        "remote_addr":"172.18.0.1",
        "method":"GET",
        "uri":"/version",
        "status":200,
        "pool":"blue",
        "release":"v1-blue",
        "upstream_status":"200",
        "upstream_addr":"172.18.0.2:3000",
        "request_time":"0.001",
        "upstream_response_time":"0.001"
      }

      {
        "time":"2025-10-30T14:43:55+00:00",
        "remote_addr":"172.18.0.1",
        "method":"GET",
        "uri":"/version",
        "status":200,
        "pool":"blue",
        "release":"v1-blue",
        "upstream_status":"200",
        "upstream_addr":"172.18.0.2:3000",
        "request_time":"0.001",
        "upstream_response_time":"0.001"
      }

      {
        "time":"2025-10-30T14:43:55+00:00",
        "remote_addr":"172.18.0.1",
        "method":"GET",
        "uri":"/version",
        "status":200,
        "pool":"blue",
        "release":"v1-blue",
        "upstream_status":"200",
        "upstream_addr":"172.18.0.2:3000",
        "request_time":"0.000",
        "upstream_response_time":"0.000"
      }

      {
        "time":"2025-10-30T14:43:55+00:00",
        "remote_addr":"172.18.0.1",
        "method":"GET",
        "uri":"/version",
        "status":200,
        "pool":"blue",
        "release":"v1-blue",
        "upstream_status":"200",
        "upstream_addr":"172.18.0.2:3000",
        "request_time":"0.001",
        "upstream_response_time":"0.001"
      }

      {
        "time":"2025-10-30T14:43:55+00:00",
        "remote_addr":"172.18.0.1",
        "method":"GET",
        "uri":"/version",
        "status":200,
        "pool":"blue",
        "release":"v1-blue",
        "upstream_status":"200",
        "upstream_addr":"172.18.0.2:3000",
        "request_time":"0.000",
        "upstream_response_time":"0.000"
      }

      {
        "time":"2025-10-30T14:43:55+00:00",
        "remote_addr":"172.18.0.1",
        "method":"GET",
        "uri":"/version",
        "status":200,
        "pool":"blue",
        "release":"v1-blue",
        "upstream_status":"200",
        "upstream_addr":"172.18.0.2:3000",
        "request_time":"0.001",
        "upstream_response_time":"0.001"
      }

      {
        "time":"2025-10-30T14:48:54+00:00",
        "remote_addr":"172.18.0.1",
        "method":"GET",
        "uri":"/version",
        "status":200,
        "pool":"green",
        "release":"v1-green",
        "upstream_status":"500, 200",
        "upstream_addr":"172.18.0.2:3000, 172.18.0.3:3000",
        "request_time":"0.011",
        "upstream_response_time":"0.002, 0.009"
      }

      {
        "time":"2025-10-30T14:48:54+00:00",
        "remote_addr":"172.18.0.1",
        "method":"GET",
        "uri":"/version",
        "status":200,
        "pool":"green",
        "release":"v1-green",
        "upstream_status":"500, 200",
        "upstream_addr":"172.18.0.2:3000, 172.18.0.3:3000",
        "request_time":"0.003",
        "upstream_response_time":"0.001, 0.002"
      }

      {
        "time":"2025-10-30T14:48:54+00:00",
        "remote_addr":"172.18.0.1",
        "method":"GET",
        "uri":"/version",
        "status":200,
        "pool":"green",
        "release":"v1-green",
        "upstream_status":"200",
        "upstream_addr":"172.18.0.3:3000",
        "request_time":"0.001",
        "upstream_response_time":"0.001"
      }

      {
        "time":"2025-10-30T14:48:54+00:00",
        "remote_addr":"172.18.0.1",
        "method":"GET",
        "uri":"/version",
        "status":200,
        "pool":"green",
        "release":"v1-green",
        "upstream_status":"200",
        "upstream_addr":"172.18.0.3:3000",
        "request_time":"0.001",
        "upstream_response_time":"0.001"
      }

      {
        "time":"2025-10-30T14:48:54+00:00",
        "remote_addr":"172.18.0.1",
        "method":"GET",
        "uri":"/version",
        "status":200,
        "pool":"green",
        "release":"v1-green",
        "upstream_status":"200",
        "upstream_addr":"172.18.0.3:3000",
        "request_time":"0.001",
        "upstream_response_time":"0.001"
      }

      {
        "time":"2025-10-30T14:48:54+00:00",
        "remote_addr":"172.18.0.1",
        "method":"GET",
        "uri":"/version",
        "status":200,
        "pool":"green",
        "release":"v1-green",
        "upstream_status":"200",
        "upstream_addr":"172.18.0.3:3000",
        "request_time":"0.001",
        "upstream_response_time":"0.001"
      }

      {
        "time":"2025-10-30T14:48:54+00:00",
        "remote_addr":"172.18.0.1",
        "method":"GET",
        "uri":"/version",
        "status":200,
        "pool":"green",
        "release":"v1-green",
        "upstream_status":"200",
        "upstream_addr":"172.18.0.3:3000",
        "request_time":"0.001",
        "upstream_response_time":"0.001"
      }

      {
        "time":"2025-10-30T14:48:54+00:00",
        "remote_addr":"172.18.0.1",
        "method":"GET",
        "uri":"/version",
        "status":200,
        "pool":"green",
        "release":"v1-green",
        "upstream_status":"200",
        "upstream_addr":"172.18.0.3:3000",
        "request_time":"0.001",
        "upstream_response_time":"0.001"
      }

      {
        "time":"2025-10-30T14:48:54+00:00",
        "remote_addr":"172.18.0.1",
        "method":"GET",
        "uri":"/version",
        "status":200,
        "pool":"green",
        "release":"v1-green",
        "upstream_status":"200",
        "upstream_addr":"172.18.0.3:3000",
        "request_time":"0.001",
        "upstream_response_time":"0.001"
      }

      {
        "time":"2025-10-30T14:48:54+00:00",
        "remote_addr":"172.18.0.1",
        "method":"GET",
        "uri":"/version",
        "status":200,
        "pool":"green",
        "release":"v1-green",
        "upstream_status":"200",
        "upstream_addr":"172.18.0.3:3000",
        "request_time":"0.002",
        "upstream_response_time":"0.002"
      }

      {
        "time":"2025-10-30T14:48:54+00:00",
        "remote_addr":"172.18.0.1",
        "method":"GET",
        "uri":"/version",
        "status":200,
        "pool":"green",
        "release":"v1-green",
        "upstream_status":"200",
        "upstream_addr":"172.18.0.3:3000",
        "request_time":"0.001",
        "upstream_response_time":"0.001"
      }

      {
        "time":"2025-10-30T14:48:54+00:00",
        "remote_addr":"172.18.0.1",
        "method":"GET",
        "uri":"/version",
        "status":200,
        "pool":"green",
        "release":"v1-green",
        "upstream_status":"200",
        "upstream_addr":"172.18.0.3:3000",
        "request_time":"0.001",
        "upstream_response_time":"0.001"
      }

      {
        "time":"2025-10-30T14:48:54+00:00",
        "remote_addr":"172.18.0.1",
        "method":"GET",
        "uri":"/version",
        "status":200,
        "pool":"green",
        "release":"v1-green",
        "upstream_status":"200",
        "upstream_addr":"172.18.0.3:3000",
        "request_time":"0.001",
        "upstream_response_time":"0.001"
      }

      {
        "time":"2025-10-30T14:48:54+00:00",
        "remote_addr":"172.18.0.1",
        "method":"GET",
        "uri":"/version",
        "status":200,
        "pool":"green",
        "release":"v1-green",
        "upstream_status":"200",
        "upstream_addr":"172.18.0.3:3000",
        "request_time":"0.001",
        "upstream_response_time":"0.001"
      }

      {
        "time":"2025-10-30T14:48:54+00:00",
        "remote_addr":"172.18.0.1",
        "method":"GET",
        "uri":"/version",
        "status":200,
        "pool":"green",
        "release":"v1-green",
        "upstream_status":"200",
        "upstream_addr":"172.18.0.3:3000",
        "request_time":"0.001",
        "upstream_response_time":"0.001"
      }

      {
        "time":"2025-10-30T14:48:54+00:00",
        "remote_addr":"172.18.0.1",
        "method":"GET",
        "uri":"/version",
        "status":200,
        "pool":"green",
        "release":"v1-green",
        "upstream_status":"200",
        "upstream_addr":"172.18.0.3:3000",
        "request_time":"0.001",
        "upstream_response_time":"0.001"
      }

      {
        "time":"2025-10-30T14:48:54+00:00",
        "remote_addr":"172.18.0.1",
        "method":"GET",
        "uri":"/version",
        "status":200,
        "pool":"green",
        "release":"v1-green",
        "upstream_status":"200",
        "upstream_addr":"172.18.0.3:3000",
        "request_time":"0.001",
        "upstream_response_time":"0.001"
      }

      {
        "time":"2025-10-30T14:48:54+00:00",
        "remote_addr":"172.18.0.1",
        "method":"GET",
        "uri":"/version",
        "status":200,
        "pool":"green",
        "release":"v1-green",
        "upstream_status":"200",
        "upstream_addr":"172.18.0.3:3000",
        "request_time":"0.001",
        "upstream_response_time":"0.001"
      }

      {
        "time":"2025-10-30T14:48:54+00:00",
        "remote_addr":"172.18.0.1",
        "method":"GET",
        "uri":"/version",
        "status":200,
        "pool":"green",
        "release":"v1-green",
        "upstream_status":"200",
        "upstream_addr":"172.18.0.3:3000",
        "request_time":"0.001",
        "upstream_response_time":"0.001"
      }

      {
        "time":"2025-10-30T14:48:54+00:00",
        "remote_addr":"172.18.0.1",
        "method":"GET",
        "uri":"/version",
        "status":200,
        "pool":"green",
        "release":"v1-green",
        "upstream_status":"200",
        "upstream_addr":"172.18.0.3:3000",
        "request_time":"0.001",
        "upstream_response_time":"0.001"
      }

      {
        "time":"2025-10-30T14:49:54+00:00",
        "remote_addr":"172.18.0.1",
        "method":"GET",
        "uri":"/version",
        "status":200,
        "pool":"blue",
        "release":"v1-blue",
        "upstream_status":"200",
        "upstream_addr":"172.18.0.2:3000",
        "request_time":"0.002",
        "upstream_response_time":"0.002"
      }

      {
        "time":"2025-10-30T14:49:54+00:00",
        "remote_addr":"172.18.0.1",
        "method":"GET",
        "uri":"/version",
        "status":200,
        "pool":"blue",
        "release":"v1-blue",
        "upstream_status":"200",
        "upstream_addr":"172.18.0.2:3000",
        "request_time":"0.001",
        "upstream_response_time":"0.001"
      }

      {
        "time":"2025-10-30T14:49:54+00:00",
        "remote_addr":"172.18.0.1",
        "method":"GET",
        "uri":"/version",
        "status":200,
        "pool":"blue",
        "release":"v1-blue",
        "upstream_status":"200",
        "upstream_addr":"172.18.0.2:3000",
        "request_time":"0.001",
        "upstream_response_time":"0.001"
      }

      {
        "time":"2025-10-30T14:49:54+00:00",
        "remote_addr":"172.18.0.1",
        "method":"GET",
        "uri":"/version",
        "status":200,
        "pool":"blue",
        "release":"v1-blue",
        "upstream_status":"200",
        "upstream_addr":"172.18.0.2:3000",
        "request_time":"0.001",
        "upstream_response_time":"0.001"
      }

      {
        "time":"2025-10-30T14:49:54+00:00",
        "remote_addr":"172.18.0.1",
        "method":"GET",
        "uri":"/version",
        "status":200,
        "pool":"blue",
        "release":"v1-blue",
        "upstream_status":"200",
        "upstream_addr":"172.18.0.2:3000",
        "request_time":"0.000",
        "upstream_response_time":"0.000"
      }

      {
        "time":"2025-10-30T14:49:54+00:00",
        "remote_addr":"172.18.0.1",
        "method":"GET",
        "uri":"/version",
        "status":200,
        "pool":"blue",
        "release":"v1-blue",
        "upstream_status":"200",
        "upstream_addr":"172.18.0.2:3000",
        "request_time":"0.001",
        "upstream_response_time":"0.001"
      }

      {
        "time":"2025-10-30T14:49:54+00:00",
        "remote_addr":"172.18.0.1",
        "method":"GET",
        "uri":"/version",
        "status":200,
        "pool":"blue",
        "release":"v1-blue",
        "upstream_status":"200",
        "upstream_addr":"172.18.0.2:3000",
        "request_time":"0.001",
        "upstream_response_time":"0.001"
      }

      {
        "time":"2025-10-30T14:49:54+00:00",
        "remote_addr":"172.18.0.1",
        "method":"GET",
        "uri":"/version",
        "status":200,
        "pool":"blue",
        "release":"v1-blue",
        "upstream_status":"200",
        "upstream_addr":"172.18.0.2:3000",
        "request_time":"0.002",
        "upstream_response_time":"0.002"
      }

      {
        "time":"2025-10-30T14:49:54+00:00",
        "remote_addr":"172.18.0.1",
        "method":"GET",
        "uri":"/version",
        "status":200,
        "pool":"blue",
        "release":"v1-blue",
        "upstream_status":"200",
        "upstream_addr":"172.18.0.2:3000",
        "request_time":"0.001",
        "upstream_response_time":"0.001"
      }

      {
        "time":"2025-10-30T14:49:54+00:00",
        "remote_addr":"172.18.0.1",
        "method":"GET",
        "uri":"/version",
        "status":200,
        "pool":"blue",
        "release":"v1-blue",
        "upstream_status":"200",
        "upstream_addr":"172.18.0.2:3000",
        "request_time":"0.001",
        "upstream_response_time":"0.001"
      }

      {
        "time":"2025-10-30T14:49:54+00:00",
        "remote_addr":"172.18.0.1",
        "method":"GET",
        "uri":"/version",
        "status":200,
        "pool":"blue",
        "release":"v1-blue",
        "upstream_status":"200",
        "upstream_addr":"172.18.0.2:3000",
        "request_time":"0.001",
        "upstream_response_time":"0.001"
      }

      {
        "time":"2025-10-30T14:49:54+00:00",
        "remote_addr":"172.18.0.1",
        "method":"GET",
        "uri":"/version",
        "status":200,
        "pool":"blue",
        "release":"v1-blue",
        "upstream_status":"200",
        "upstream_addr":"172.18.0.2:3000",
        "request_time":"0.001",
        "upstream_response_time":"0.001"
      }

      {
        "time":"2025-10-30T14:49:54+00:00",
        "remote_addr":"172.18.0.1",
        "method":"GET",
        "uri":"/version",
        "status":200,
        "pool":"blue",
        "release":"v1-blue",
        "upstream_status":"200",
        "upstream_addr":"172.18.0.2:3000",
        "request_time":"0.001",
        "upstream_response_time":"0.001"
      }

      {
        "time":"2025-10-30T14:49:54+00:00",
        "remote_addr":"172.18.0.1",
        "method":"GET",
        "uri":"/version",
        "status":200,
        "pool":"blue",
        "release":"v1-blue",
        "upstream_status":"200",
        "upstream_addr":"172.18.0.2:3000",
        "request_time":"0.001",
        "upstream_response_time":"0.001"
      }

      {
        "time":"2025-10-30T14:49:54+00:00",
        "remote_addr":"172.18.0.1",
        "method":"GET",
        "uri":"/version",
        "status":200,
        "pool":"blue",
        "release":"v1-blue",
        "upstream_status":"200",
        "upstream_addr":"172.18.0.2:3000",
        "request_time":"0.001",
        "upstream_response_time":"0.001"
      }

      {
        "time":"2025-10-30T14:49:54+00:00",
        "remote_addr":"172.18.0.1",
        "method":"GET",
        "uri":"/version",
        "status":200,
        "pool":"blue",
        "release":"v1-blue",
        "upstream_status":"200",
        "upstream_addr":"172.18.0.2:3000",
        "request_time":"0.001",
        "upstream_response_time":"0.001"
      }

      {
        "time":"2025-10-30T14:49:54+00:00",
        "remote_addr":"172.18.0.1",
        "method":"GET",
        "uri":"/version",
        "status":200,
        "pool":"blue",
        "release":"v1-blue",
        "upstream_status":"200",
        "upstream_addr":"172.18.0.2:3000",
        "request_time":"0.001",
        "upstream_response_time":"0.001"
      }

      {
        "time":"2025-10-30T14:49:54+00:00",
        "remote_addr":"172.18.0.1",
        "method":"GET",
        "uri":"/version",
        "status":200,
        "pool":"blue",
        "release":"v1-blue",
        "upstream_status":"200",
        "upstream_addr":"172.18.0.2:3000",
        "request_time":"0.001",
        "upstream_response_time":"0.001"
      }

      {
        "time":"2025-10-30T14:49:54+00:00",
        "remote_addr":"172.18.0.1",
        "method":"GET",
        "uri":"/version",
        "status":200,
        "pool":"blue",
        "release":"v1-blue",
        "upstream_status":"200",
        "upstream_addr":"172.18.0.2:3000",
        "request_time":"0.001",
        "upstream_response_time":"0.001"
      }

      {
        "time":"2025-10-30T14:49:54+00:00",
        "remote_addr":"172.18.0.1",
        "method":"GET",
        "uri":"/version",
        "status":200,
        "pool":"blue",
        "release":"v1-blue",
        "upstream_status":"200",
        "upstream_addr":"172.18.0.2:3000",
        "request_time":"0.001",
        "upstream_response_time":"0.001"
      }

      {
        "time":"2025-10-30T15:12:26+00:00",
        "remote_addr":"172.18.0.1",
        "method":"GET",
        "uri":"/version",
        "status":200,
        "pool":"green",
        "release":"v1-green",
        "upstream_status":"500, 200",
        "upstream_addr":"172.18.0.2:3000, 172.18.0.3:3000",
        "request_time":"0.009",
        "upstream_response_time":"0.002, 0.007"
      }

      {
        "time":"2025-10-30T15:12:26+00:00",
        "remote_addr":"172.18.0.1",
        "method":"GET",
        "uri":"/version",
        "status":200,
        "pool":"green",
        "release":"v1-green",
        "upstream_status":"500, 200",
        "upstream_addr":"172.18.0.2:3000, 172.18.0.3:3000",
        "request_time":"0.003",
        "upstream_response_time":"0.002, 0.001"
      }

      {
        "time":"2025-10-30T15:12:26+00:00",
        "remote_addr":"172.18.0.1",
        "method":"GET",
        "uri":"/version",
        "status":200,
        "pool":"green",
        "release":"v1-green",
        "upstream_status":"200",
        "upstream_addr":"172.18.0.3:3000",
        "request_time":"0.001",
        "upstream_response_time":"0.001"
      }

      {
        "time":"2025-10-30T15:12:26+00:00",
        "remote_addr":"172.18.0.1",
        "method":"GET",
        "uri":"/version",
        "status":200,
        "pool":"green",
        "release":"v1-green",
        "upstream_status":"200",
        "upstream_addr":"172.18.0.3:3000",
        "request_time":"0.001",
        "upstream_response_time":"0.001"
      }

      {
        "time":"2025-10-30T15:12:26+00:00",
        "remote_addr":"172.18.0.1",
        "method":"GET",
        "uri":"/version",
        "status":200,
        "pool":"green",
        "release":"v1-green",
        "upstream_status":"200",
        "upstream_addr":"172.18.0.3:3000",
        "request_time":"0.001",
        "upstream_response_time":"0.001"
      }

      {
        "time":"2025-10-30T15:12:26+00:00",
        "remote_addr":"172.18.0.1",
        "method":"GET",
        "uri":"/version",
        "status":200,
        "pool":"green",
        "release":"v1-green",
        "upstream_status":"200",
        "upstream_addr":"172.18.0.3:3000",
        "request_time":"0.001",
        "upstream_response_time":"0.001"
      }

      {
        "time":"2025-10-30T15:12:26+00:00",
        "remote_addr":"172.18.0.1",
        "method":"GET",
        "uri":"/version",
        "status":200,
        "pool":"green",
        "release":"v1-green",
        "upstream_status":"200",
        "upstream_addr":"172.18.0.3:3000",
        "request_time":"0.001",
        "upstream_response_time":"0.001"
      }

      {
        "time":"2025-10-30T15:12:26+00:00",
        "remote_addr":"172.18.0.1",
        "method":"GET",
        "uri":"/version",
        "status":200,
        "pool":"green",
        "release":"v1-green",
        "upstream_status":"200",
        "upstream_addr":"172.18.0.3:3000",
        "request_time":"0.001",
        "upstream_response_time":"0.001"
      }

      {
        "time":"2025-10-30T15:12:26+00:00",
        "remote_addr":"172.18.0.1",
        "method":"GET",
        "uri":"/version",
        "status":200,
        "pool":"green",
        "release":"v1-green",
        "upstream_status":"200",
        "upstream_addr":"172.18.0.3:3000",
        "request_time":"0.002",
        "upstream_response_time":"0.002"
      }

      {
        "time":"2025-10-30T15:12:26+00:00",
        "remote_addr":"172.18.0.1",
        "method":"GET",
        "uri":"/version",
        "status":200,
        "pool":"green",
        "release":"v1-green",
        "upstream_status":"200",
        "upstream_addr":"172.18.0.3:3000",
        "request_time":"0.001",
        "upstream_response_time":"0.001"
      }

      {
        "time":"2025-10-30T15:12:26+00:00",
        "remote_addr":"172.18.0.1",
        "method":"GET",
        "uri":"/version",
        "status":200,
        "pool":"green",
        "release":"v1-green",
        "upstream_status":"200",
        "upstream_addr":"172.18.0.3:3000",
        "request_time":"0.001",
        "upstream_response_time":"0.001"
      }

      {
        "time":"2025-10-30T15:12:26+00:00",
        "remote_addr":"172.18.0.1",
        "method":"GET",
        "uri":"/version",
        "status":200,
        "pool":"green",
        "release":"v1-green",
        "upstream_status":"200",
        "upstream_addr":"172.18.0.3:3000",
        "request_time":"0.001",
        "upstream_response_time":"0.001"
      }

      {
        "time":"2025-10-30T15:12:26+00:00",
        "remote_addr":"172.18.0.1",
        "method":"GET",
        "uri":"/version",
        "status":200,
        "pool":"green",
        "release":"v1-green",
        "upstream_status":"200",
        "upstream_addr":"172.18.0.3:3000",
        "request_time":"0.001",
        "upstream_response_time":"0.001"
      }

      {
        "time":"2025-10-30T15:12:26+00:00",
        "remote_addr":"172.18.0.1",
        "method":"GET",
        "uri":"/version",
        "status":200,
        "pool":"green",
        "release":"v1-green",
        "upstream_status":"200",
        "upstream_addr":"172.18.0.3:3000",
        "request_time":"0.001",
        "upstream_response_time":"0.001"
      }

      {
        "time":"2025-10-30T15:12:26+00:00",
        "remote_addr":"172.18.0.1",
        "method":"GET",
        "uri":"/version",
        "status":200,
        "pool":"green",
        "release":"v1-green",
        "upstream_status":"200",
        "upstream_addr":"172.18.0.3:3000",
        "request_time":"0.001",
        "upstream_response_time":"0.001"
      }

      {
        "time":"2025-10-30T15:12:26+00:00",
        "remote_addr":"172.18.0.1",
        "method":"GET",
        "uri":"/version",
        "status":200,
        "pool":"green",
        "release":"v1-green",
        "upstream_status":"200",
        "upstream_addr":"172.18.0.3:3000",
        "request_time":"0.001",
        "upstream_response_time":"0.001"
      }

      {
        "time":"2025-10-30T15:12:26+00:00",
        "remote_addr":"172.18.0.1",
        "method":"GET",
        "uri":"/version",
        "status":200,
        "pool":"green",
        "release":"v1-green",
        "upstream_status":"200",
        "upstream_addr":"172.18.0.3:3000",
        "request_time":"0.001",
        "upstream_response_time":"0.001"
      }

      {
        "time":"2025-10-30T15:12:26+00:00",
        "remote_addr":"172.18.0.1",
        "method":"GET",
        "uri":"/version",
        "status":200,
        "pool":"green",
        "release":"v1-green",
        "upstream_status":"200",
        "upstream_addr":"172.18.0.3:3000",
        "request_time":"0.001",
        "upstream_response_time":"0.001"
      }

      {
        "time":"2025-10-30T15:12:26+00:00",
        "remote_addr":"172.18.0.1",
        "method":"GET",
        "uri":"/version",
        "status":200,
        "pool":"green",
        "release":"v1-green",
        "upstream_status":"200",
        "upstream_addr":"172.18.0.3:3000",
        "request_time":"0.001",
        "upstream_response_time":"0.001"
      }

      {
        "time":"2025-10-30T15:12:26+00:00",
        "remote_addr":"172.18.0.1",
        "method":"GET",
        "uri":"/version",
        "status":200,
        "pool":"green",
        "release":"v1-green",
        "upstream_status":"200",
        "upstream_addr":"172.18.0.3:3000",
        "request_time":"0.001",
        "upstream_response_time":"0.001"
      }
